# JRE version: Java(TM) SE Runtime Environment 18.9 (11.0.15+8) (build 11.0.15+8-LTS-149)
# Java VM: Java HotSpot(TM) 64-Bit Server VM 18.9 (11.0.15+8-LTS-149, mixed mode, tiered, compressed oops, g1 gc, windows-amd64)
Heap:
 garbage-first heap   total 30720K, used 16273K [0x0000000702a00000, 0x0000000800000000)
  region size 1024K, 6 young (6144K), 0 survivors (0K)
 Metaspace       used 24067K, capacity 24376K, committed 24704K, reserved 1071104K
  class space    used 2448K, capacity 2553K, committed 2688K, reserved 1048576K
GC Heap History (10 events):
Event: 23561.433 GC heap before
{Heap before GC invocations=2234 (full 2227):
 garbage-first heap   total 30720K, used 12177K [0x0000000702a00000, 0x0000000800000000)
  region size 1024K, 1 young (1024K), 0 survivors (0K)
 Metaspace       used 24052K, capacity 24312K, committed 24704K, reserved 1071104K
  class space    used 2448K, capacity 2553K, committed 2688K, reserved 1048576K
}
Event: 23561.450 GC heap after
{Heap after GC invocations=2235 (full 2228):
 garbage-first heap   total 30720K, used 12177K [0x0000000702a00000, 0x0000000800000000)
  region size 1024K, 0 young (0K), 0 survivors (0K)
 Metaspace       used 24052K, capacity 24312K, committed 24704K, reserved 1071104K
  class space    used 2448K, capacity 2553K, committed 2688K, reserved 1048576K
}
Event: 23571.561 GC heap before
{Heap before GC invocations=2235 (full 2228):
 garbage-first heap   total 30720K, used 12177K [0x0000000702a00000, 0x0000000800000000)
  region size 1024K, 1 young (1024K), 0 survivors (0K)
 Metaspace       used 24052K, capacity 24312K, committed 24704K, reserved 1071104K
  class space    used 2448K, capacity 2553K, committed 2688K, reserved 1048576K
}
Event: 23571.580 GC heap after
{Heap after GC invocations=2236 (full 2229):
 garbage-first heap   total 30720K, used 12177K [0x0000000702a00000, 0x0000000800000000)
  region size 1024K, 0 young (0K), 0 survivors (0K)
 Metaspace       used 24052K, capacity 24312K, committed 24704K, reserved 1071104K
  class space    used 2448K, capacity 2553K, committed 2688K, reserved 1048576K
}
Event: 23584.926 GC heap before
{Heap before GC invocations=2236 (full 2229):
 garbage-first heap   total 30720K, used 12177K [0x0000000702a00000, 0x0000000800000000)
  region size 1024K, 1 young (1024K), 0 survivors (0K)
 Metaspace       used 24052K, capacity 24312K, committed 24704K, reserved 1071104K
  class space    used 2448K, capacity 2553K, committed 2688K, reserved 1048576K
}
Event: 23584.984 GC heap after
{Heap after GC invocations=2237 (full 2230):
 garbage-first heap   total 30720K, used 12177K [0x0000000702a00000, 0x0000000800000000)
  region size 1024K, 0 young (0K), 0 survivors (0K)
 Metaspace       used 24052K, capacity 24312K, committed 24704K, reserved 1071104K
  class space    used 2448K, capacity 2553K, committed 2688K, reserved 1048576K
}
Event: 23595.127 GC heap before
{Heap before GC invocations=2237 (full 2230):
 garbage-first heap   total 30720K, used 12177K [0x0000000702a00000, 0x0000000800000000)
  region size 1024K, 1 young (1024K), 0 survivors (0K)
 Metaspace       used 24052K, capacity 24312K, committed 24704K, reserved 1071104K
  class space    used 2448K, capacity 2553K, committed 2688K, reserved 1048576K
}
Event: 23595.150 GC heap after
{Heap after GC invocations=2238 (full 2231):
 garbage-first heap   total 30720K, used 12177K [0x0000000702a00000, 0x0000000800000000)
  region size 1024K, 0 young (0K), 0 survivors (0K)
 Metaspace       used 24052K, capacity 24312K, committed 24704K, reserved 1071104K
  class space    used 2448K, capacity 2553K, committed 2688K, reserved 1048576K
}
Event: 23605.297 GC heap before
{Heap before GC invocations=2238 (full 2231):
 garbage-first heap   total 30720K, used 12177K [0x0000000702a00000, 0x0000000800000000)
  region size 1024K, 1 young (1024K), 0 survivors (0K)
 Metaspace       used 24052K, capacity 24312K, committed 24704K, reserved 1071104K
  class space    used 2448K, capacity 2553K, committed 2688K, reserved 1048576K
}
Event: 23605.328 GC heap after
{Heap after GC invocations=2239 (full 2232):
 garbage-first heap   total 30720K, used 12177K [0x0000000702a00000, 0x0000000800000000)
  region size 1024K, 0 young (0K), 0 survivors (0K)
 Metaspace       used 24052K, capacity 24312K, committed 24704K, reserved 1071104K
  class space    used 2448K, capacity 2553K, committed 2688K, reserved 1048576K
}

