# JRE version: Java(TM) SE Runtime Environment 18.9 (11.0.15+8) (build 11.0.15+8-LTS-149)
# Java VM: Java HotSpot(TM) 64-Bit Server VM 18.9 (11.0.15+8-LTS-149, mixed mode, tiered, compressed oops, g1 gc, windows-amd64)
Heap:
 garbage-first heap   total 30720K, used 15527K [0x0000000702a00000, 0x0000000800000000)
  region size 1024K, 6 young (6144K), 0 survivors (0K)
 Metaspace       used 25471K, capacity 25821K, committed 25984K, reserved 1073152K
  class space    used 2543K, capacity 2663K, committed 2688K, reserved 1048576K
GC Heap History (10 events):
Event: 429622.458 GC heap before
{Heap before GC invocations=36031 (full 36018):
 garbage-first heap   total 30720K, used 11431K [0x0000000702a00000, 0x0000000800000000)
  region size 1024K, 1 young (1024K), 0 survivors (0K)
 Metaspace       used 25471K, capacity 25821K, committed 25984K, reserved 1073152K
  class space    used 2543K, capacity 2663K, committed 2688K, reserved 1048576K
}
Event: 429622.482 GC heap after
{Heap after GC invocations=36032 (full 36019):
 garbage-first heap   total 30720K, used 11431K [0x0000000702a00000, 0x0000000800000000)
  region size 1024K, 0 young (0K), 0 survivors (0K)
 Metaspace       used 25471K, capacity 25821K, committed 25984K, reserved 1073152K
  class space    used 2543K, capacity 2663K, committed 2688K, reserved 1048576K
}
Event: 429632.599 GC heap before
{Heap before GC invocations=36032 (full 36019):
 garbage-first heap   total 30720K, used 11431K [0x0000000702a00000, 0x0000000800000000)
  region size 1024K, 1 young (1024K), 0 survivors (0K)
 Metaspace       used 25471K, capacity 25821K, committed 25984K, reserved 1073152K
  class space    used 2543K, capacity 2663K, committed 2688K, reserved 1048576K
}
Event: 429632.620 GC heap after
{Heap after GC invocations=36033 (full 36020):
 garbage-first heap   total 30720K, used 11431K [0x0000000702a00000, 0x0000000800000000)
  region size 1024K, 0 young (0K), 0 survivors (0K)
 Metaspace       used 25471K, capacity 25821K, committed 25984K, reserved 1073152K
  class space    used 2543K, capacity 2663K, committed 2688K, reserved 1048576K
}
Event: 429645.174 GC heap before
{Heap before GC invocations=36033 (full 36020):
 garbage-first heap   total 30720K, used 11431K [0x0000000702a00000, 0x0000000800000000)
  region size 1024K, 1 young (1024K), 0 survivors (0K)
 Metaspace       used 25471K, capacity 25821K, committed 25984K, reserved 1073152K
  class space    used 2543K, capacity 2663K, committed 2688K, reserved 1048576K
}
Event: 429645.255 GC heap after
{Heap after GC invocations=36034 (full 36021):
 garbage-first heap   total 30720K, used 11431K [0x0000000702a00000, 0x0000000800000000)
  region size 1024K, 0 young (0K), 0 survivors (0K)
 Metaspace       used 25471K, capacity 25821K, committed 25984K, reserved 1073152K
  class space    used 2543K, capacity 2663K, committed 2688K, reserved 1048576K
}
Event: 429655.378 GC heap before
{Heap before GC invocations=36034 (full 36021):
 garbage-first heap   total 30720K, used 11431K [0x0000000702a00000, 0x0000000800000000)
  region size 1024K, 1 young (1024K), 0 survivors (0K)
 Metaspace       used 25471K, capacity 25821K, committed 25984K, reserved 1073152K
  class space    used 2543K, capacity 2663K, committed 2688K, reserved 1048576K
}
Event: 429655.416 GC heap after
{Heap after GC invocations=36035 (full 36022):
 garbage-first heap   total 30720K, used 11431K [0x0000000702a00000, 0x0000000800000000)
  region size 1024K, 0 young (0K), 0 survivors (0K)
 Metaspace       used 25471K, capacity 25821K, committed 25984K, reserved 1073152K
  class space    used 2543K, capacity 2663K, committed 2688K, reserved 1048576K
}
Event: 429665.562 GC heap before
{Heap before GC invocations=36035 (full 36022):
 garbage-first heap   total 30720K, used 11431K [0x0000000702a00000, 0x0000000800000000)
  region size 1024K, 1 young (1024K), 0 survivors (0K)
 Metaspace       used 25471K, capacity 25821K, committed 25984K, reserved 1073152K
  class space    used 2543K, capacity 2663K, committed 2688K, reserved 1048576K
}
Event: 429665.599 GC heap after
{Heap after GC invocations=36036 (full 36023):
 garbage-first heap   total 30720K, used 11431K [0x0000000702a00000, 0x0000000800000000)
  region size 1024K, 0 young (0K), 0 survivors (0K)
 Metaspace       used 25471K, capacity 25821K, committed 25984K, reserved 1073152K
  class space    used 2543K, capacity 2663K, committed 2688K, reserved 1048576K
}

