# JRE version: Java(TM) SE Runtime Environment 18.9 (11.0.15+8) (build 11.0.15+8-LTS-149)
# Java VM: Java HotSpot(TM) 64-Bit Server VM 18.9 (11.0.15+8-LTS-149, mixed mode, tiered, compressed oops, g1 gc, windows-amd64)
Heap:
 garbage-first heap   total 30720K, used 15415K [0x0000000702a00000, 0x0000000800000000)
  region size 1024K, 6 young (6144K), 0 survivors (0K)
 Metaspace       used 25460K, capacity 25752K, committed 25984K, reserved 1073152K
  class space    used 2543K, capacity 2663K, committed 2688K, reserved 1048576K
GC Heap History (10 events):
Event: 429623.145 GC heap before
{Heap before GC invocations=36027 (full 36014):
 garbage-first heap   total 30720K, used 11319K [0x0000000702a00000, 0x0000000800000000)
  region size 1024K, 1 young (1024K), 0 survivors (0K)
 Metaspace       used 25459K, capacity 25752K, committed 25984K, reserved 1073152K
  class space    used 2543K, capacity 2663K, committed 2688K, reserved 1048576K
}
Event: 429623.186 GC heap after
{Heap after GC invocations=36028 (full 36015):
 garbage-first heap   total 30720K, used 11319K [0x0000000702a00000, 0x0000000800000000)
  region size 1024K, 0 young (0K), 0 survivors (0K)
 Metaspace       used 25459K, capacity 25752K, committed 25984K, reserved 1073152K
  class space    used 2543K, capacity 2663K, committed 2688K, reserved 1048576K
}
Event: 429633.311 GC heap before
{Heap before GC invocations=36028 (full 36015):
 garbage-first heap   total 30720K, used 11319K [0x0000000702a00000, 0x0000000800000000)
  region size 1024K, 1 young (1024K), 0 survivors (0K)
 Metaspace       used 25459K, capacity 25752K, committed 25984K, reserved 1073152K
  class space    used 2543K, capacity 2663K, committed 2688K, reserved 1048576K
}
Event: 429633.338 GC heap after
{Heap after GC invocations=36029 (full 36016):
 garbage-first heap   total 30720K, used 11319K [0x0000000702a00000, 0x0000000800000000)
  region size 1024K, 0 young (0K), 0 survivors (0K)
 Metaspace       used 25459K, capacity 25752K, committed 25984K, reserved 1073152K
  class space    used 2543K, capacity 2663K, committed 2688K, reserved 1048576K
}
Event: 429645.325 GC heap before
{Heap before GC invocations=36029 (full 36016):
 garbage-first heap   total 30720K, used 11319K [0x0000000702a00000, 0x0000000800000000)
  region size 1024K, 1 young (1024K), 0 survivors (0K)
 Metaspace       used 25459K, capacity 25752K, committed 25984K, reserved 1073152K
  class space    used 2543K, capacity 2663K, committed 2688K, reserved 1048576K
}
Event: 429645.372 GC heap after
{Heap after GC invocations=36030 (full 36017):
 garbage-first heap   total 30720K, used 11319K [0x0000000702a00000, 0x0000000800000000)
  region size 1024K, 0 young (0K), 0 survivors (0K)
 Metaspace       used 25459K, capacity 25752K, committed 25984K, reserved 1073152K
  class space    used 2543K, capacity 2663K, committed 2688K, reserved 1048576K
}
Event: 429655.482 GC heap before
{Heap before GC invocations=36030 (full 36017):
 garbage-first heap   total 30720K, used 11319K [0x0000000702a00000, 0x0000000800000000)
  region size 1024K, 1 young (1024K), 0 survivors (0K)
 Metaspace       used 25459K, capacity 25752K, committed 25984K, reserved 1073152K
  class space    used 2543K, capacity 2663K, committed 2688K, reserved 1048576K
}
Event: 429655.503 GC heap after
{Heap after GC invocations=36031 (full 36018):
 garbage-first heap   total 30720K, used 11319K [0x0000000702a00000, 0x0000000800000000)
  region size 1024K, 0 young (0K), 0 survivors (0K)
 Metaspace       used 25459K, capacity 25752K, committed 25984K, reserved 1073152K
  class space    used 2543K, capacity 2663K, committed 2688K, reserved 1048576K
}
Event: 429665.640 GC heap before
{Heap before GC invocations=36031 (full 36018):
 garbage-first heap   total 30720K, used 11319K [0x0000000702a00000, 0x0000000800000000)
  region size 1024K, 1 young (1024K), 0 survivors (0K)
 Metaspace       used 25459K, capacity 25752K, committed 25984K, reserved 1073152K
  class space    used 2543K, capacity 2663K, committed 2688K, reserved 1048576K
}
Event: 429665.660 GC heap after
{Heap after GC invocations=36032 (full 36019):
 garbage-first heap   total 30720K, used 11319K [0x0000000702a00000, 0x0000000800000000)
  region size 1024K, 0 young (0K), 0 survivors (0K)
 Metaspace       used 25459K, capacity 25752K, committed 25984K, reserved 1073152K
  class space    used 2543K, capacity 2663K, committed 2688K, reserved 1048576K
}

